<?xml version="1.0" encoding="UTF-8"?>
<!-- Generated by org.testng.reporters.JUnitReportReporter -->
<testsuite hostname="Bhushan" failures="0" tests="1" name="Runner.TestRunner" time="0.469" errors="0" timestamp="05 Nov 2019 03:16:06 GMT" skipped="0">
  <testcase classname="Runner.TestRunner" name="feature" time="0.469"/>
</testsuite> <!-- Runner.TestRunner -->
